<?xml version="1.0" encoding="UTF-8"?>
<testng-results ignored="0" total="1" passed="1" failed="0" skipped="0">
  <reporter-output>
  </reporter-output>
  <suite started-at="2025-03-17T21:20:45 IST" name="Default suite" finished-at="2025-03-17T21:20:49 IST" duration-ms="4493">
    <groups>
    </groups>
    <test started-at="2025-03-17T21:20:45 IST" name="Default test" finished-at="2025-03-17T21:20:49 IST" duration-ms="4493">
      <class name="com.functional.tests.LoginTest">
        <test-method is-config="true" signature="oneTimeSetUp()[pri:0, instance:com.functional.tests.LoginTest@38afe297]" started-at="2025-03-17T21:20:45 IST" name="oneTimeSetUp" finished-at="2025-03-17T21:20:47 IST" duration-ms="2143" status="PASS">
          <reporter-output>
          </reporter-output>
        </test-method> <!-- oneTimeSetUp -->
        <test-method is-config="true" signature="setUp()[pri:0, instance:com.functional.tests.LoginTest@38afe297]" started-at="2025-03-17T21:20:47 IST" name="setUp" finished-at="2025-03-17T21:20:49 IST" duration-ms="1823" status="PASS">
          <reporter-output>
          </reporter-output>
        </test-method> <!-- setUp -->
        <test-method signature="testLogIn()[pri:1, instance:com.functional.tests.LoginTest@38afe297]" started-at="2025-03-17T21:20:49 IST" name="testLogIn" finished-at="2025-03-17T21:20:49 IST" duration-ms="192" status="PASS">
          <reporter-output>
          </reporter-output>
        </test-method> <!-- testLogIn -->
        <test-method is-config="true" signature="tearDown()[pri:0, instance:com.functional.tests.LoginTest@38afe297]" started-at="2025-03-17T21:20:49 IST" name="tearDown" finished-at="2025-03-17T21:20:49 IST" duration-ms="4" status="PASS">
          <reporter-output>
          </reporter-output>
        </test-method> <!-- tearDown -->
        <test-method is-config="true" signature="oneTimeTearDown()[pri:0, instance:com.functional.tests.LoginTest@38afe297]" started-at="2025-03-17T21:20:49 IST" name="oneTimeTearDown" finished-at="2025-03-17T21:20:49 IST" duration-ms="264" status="PASS">
          <reporter-output>
          </reporter-output>
        </test-method> <!-- oneTimeTearDown -->
      </class> <!-- com.functional.tests.LoginTest -->
    </test> <!-- Default test -->
  </suite> <!-- Default suite -->
</testng-results>
